<?xml version="1.0" encoding="UTF-8"?>
<!-- Generated by org.testng.reporters.JUnitReportReporter -->
<testsuite hostname="DESKTOP-9FF3BPS" failures="0" tests="5" name="com.sauceDemo.TestClasses.AllCombination" time="39.255" errors="0" timestamp="2022-10-06T16:32:08 IST" skipped="0">
  <testcase classname="com.sauceDemo.TestClasses.AllCombination" name="verifyFilterFunctionality" time="5.376"/>
  <system-out/>
  <testcase classname="com.sauceDemo.TestClasses.AllCombination" name="verifyLogoutFunctionality" time="6.812"/>
  <system-out/>
  <testcase classname="com.sauceDemo.TestClasses.AllCombination" name="verifyLoginFunctionality" time="7.405"/>
  <system-out/>
  <testcase classname="com.sauceDemo.TestClasses.AllCombination" name="verifyAboutFuctionality" time="12.965"/>
  <system-out/>
  <testcase classname="com.sauceDemo.TestClasses.AllCombination" name="verifyBagAddToCartFunctionality" time="6.697"/>
  <system-out/>
</testsuite> <!-- com.sauceDemo.TestClasses.AllCombination -->
